


ARM Macro Assembler    Page 1 


    1 00000000         ;****************** main.s ***************
    2 00000000         ; Program written by: Valvano, solution
    3 00000000         ; Date Created: 2/4/2017
    4 00000000         ; Last Modified: 1/17/2021
    5 00000000         ; Brief description of the program
    6 00000000         ;   The LED toggles at 2 Hz and a varying duty-cycle
    7 00000000         ; Hardware connections (External: One button and one LED
                       )
    8 00000000         ;  PE1 is Button input  (1 means pressed, 0 means not pr
                       essed)
    9 00000000         ;  PE2 is LED output (1 activates external LED on protob
                       oard)
   10 00000000         ;  PF4 is builtin button SW1 on Launchpad (Internal) 
   11 00000000         ;        Negative Logic (0 means pressed, 1 means not pr
                       essed)
   12 00000000         ; Overall functionality of this system is to operate lik
                       e this
   13 00000000         ;   1) Make PE2 an output and make PE1 and PF4 inputs.
   14 00000000         ;   2) The system starts with the the LED toggling at 2H
                       z,
   15 00000000         ;      which is 2 times per second with a duty-cycle of 
                       30%.
   16 00000000         ;      Therefore, the LED is ON for 150ms and off for 35
                       0 ms.
   17 00000000         ;   3) When the button (PE1) is pressed-and-released inc
                       rease
   18 00000000         ;      the duty cycle by 20% (modulo 100%). Therefore fo
                       r each
   19 00000000         ;      press-and-release the duty cycle changes from 30%
                        to 70% to 70%
   20 00000000         ;      to 90% to 10% to 30% so on
   21 00000000         ;   4) Implement a "breathing LED" when SW1 (PF4) on the
                        Launchpad is pressed:
   22 00000000         ;      a) Be creative and play around with what "breathi
                       ng" means.
   23 00000000         ;         An example of "breathing" is most computers po
                       wer LED in sleep mode
   24 00000000         ;         (e.g., https://www.youtube.com/watch?v=ZT6siXy
                       IjvQ).
   25 00000000         ;      b) When (PF4) is released while in breathing mode
                       , resume blinking at 2Hz.
   26 00000000         ;         The duty cycle can either match the most recen
                       t duty-
   27 00000000         ;         cycle or reset to 30%.
   28 00000000         ;      TIP: debugging the breathing LED algorithm using 
                       the real board.
   29 00000000         ; PortE device registers
   30 00000000 400243FC 
                       GPIO_PORTE_DATA_R
                               EQU              0x400243FC
   31 00000000 40024400 
                       GPIO_PORTE_DIR_R
                               EQU              0x40024400
   32 00000000 40024420 
                       GPIO_PORTE_AFSEL_R
                               EQU              0x40024420
   33 00000000 4002451C 
                       GPIO_PORTE_DEN_R
                               EQU              0x4002451C



ARM Macro Assembler    Page 2 


   34 00000000         ; PortF device registers
   35 00000000 400253FC 
                       GPIO_PORTF_DATA_R
                               EQU              0x400253FC
   36 00000000 40025400 
                       GPIO_PORTF_DIR_R
                               EQU              0x40025400
   37 00000000 40025420 
                       GPIO_PORTF_AFSEL_R
                               EQU              0x40025420
   38 00000000 40025510 
                       GPIO_PORTF_PUR_R
                               EQU              0x40025510
   39 00000000 4002551C 
                       GPIO_PORTF_DEN_R
                               EQU              0x4002551C
   40 00000000 40025520 
                       GPIO_PORTF_LOCK_R
                               EQU              0x40025520
   41 00000000 40025524 
                       GPIO_PORTF_CR_R
                               EQU              0x40025524
   42 00000000 4C4F434B 
                       GPIO_LOCK_KEY
                               EQU              0x4C4F434B  ; Unlocks the GPIO_
                                                            CR register
   43 00000000 400FE608 
                       SYSCTL_RCGCGPIO_R
                               EQU              0x400FE608
   44 00000000         
   45 00000000                 IMPORT           TExaS_Init
   46 00000000                 THUMB
   47 00000000                 AREA             DATA, ALIGN=2
   48 00000000         ;global variables go here
   49 00000000         
   50 00000000         
   51 00000000                 AREA             |.text|, CODE, READONLY, ALIGN=
2
   52 00000000                 THUMB
   53 00000000         
   54 00000000                 EXPORT           Start
   55 00000000         
   56 00000000         Start
   57 00000000         ; TExaS_Init sets bus clock at 80 MHz
   58 00000000 F7FF FFFE       BL               TExaS_Init
   59 00000004         ; voltmeter, scope on PD3
   60 00000004         ; Initialization goes here
   61 00000004 481D            LDR              R0, =SYSCTL_RCGCGPIO_R ; activa
                                                            te the clock for po
                                                            rt D
   62 00000006 7801            LDRB             R1, [R0]
   63 00000008 F041 0130       ORR              R1, #0x30   ; set bit 7 to turn
                                                             on the clock
   64 0000000C 7001            STRB             R1, [R0]
   65 0000000E BF00            NOP
   66 00000010 BF00            NOP
   67 00000012         
   68 00000012 481B            LDR              R0, =GPIO_PORTF_LOCK_R ;unlock 
                                                            the lock register



ARM Macro Assembler    Page 3 


   69 00000014 491B            LDR              R1, =GPIO_LOCK_KEY
   70 00000016 6001            STR              R1, [R0]
   71 00000018 481B            LDR              R0, =GPIO_PORTF_CR_R ;
   72 0000001A 6801            LDR              R1, [R0]
   73 0000001C F041 01FF       ORR              R1, #0xFF
   74 00000020 6001            STR              R1, [R0]
   75 00000022         
   76 00000022 481A            LDR              R0, =GPIO_PORTF_DIR_R ; set dir
                                                            ection register
   77 00000024 6801            LDR              R1, [R0]
   78 00000026 F001 01FF       AND              R1, #0xFF   ; PF0-PF7 outputs
   79 0000002A 6001            STR              R1, [R0]
   80 0000002C         
   81 0000002C 4818            LDR              R0, =GPIO_PORTF_DEN_R ; enable 
                                                            port F digital port
                                                            
   82 0000002E 6801            LDR              R1, [R0]
   83 00000030 F041 0110       ORR              R1, #0x10   ; digital enable PF
                                                            1,PF3
   84 00000034 6001            STR              R1, [R0]
   85 00000036         
   86 00000036 4817            LDR              R0, =GPIO_PORTF_PUR_R ; pull-up
                                                             resistors for PE4
   87 00000038 6801            LDR              R1, [R0]
   88 0000003A F041 0110       ORR              R1, #0x10   ;
   89 0000003E 6001            STR              R1, [R0]
   90 00000040         
   91 00000040 4815            LDR              R0, =GPIO_PORTE_DIR_R ; ret dir
                                                            ection of registers
                                                            
   92 00000042 6801            LDR              R1, [R0]
   93 00000044 F001 01FD       AND              R1, #0xFD
   94 00000048 F041 0104       ORR              R1, #0x04
   95 0000004C 6001            STR              R1, [R0]
   96 0000004E         
   97 0000004E 4813            LDR              R0, =GPIO_PORTE_DEN_R ; enable 
                                                            port E digital port
                                                            
   98 00000050 6801            LDR              R1, [R0]
   99 00000052 F041 0106       ORR              R1, #0x06
  100 00000056 6001            STR              R1, [R0]
  101 00000058         
  102 00000058 B662            CPSIE            I           ; TExaS voltmeter, 
                                                            scope runs on inter
                                                            rupts
  103 0000005A         ; load address for PE2 into R2(OUTPUT) PF2
  104 0000005A 4A11            LDR              R2,=GPIO_PORTE_DATA_R
  105 0000005C         ; load address for PE3 into R3(INPUT) FOR PF1
  106 0000005C 4B10            LDR              R3,=GPIO_PORTE_DATA_R
  107 0000005E         ; load address for PF4 into R4
  108 0000005E 4C11            LDR              R4,=GPIO_PORTF_DATA_R
  109 00000060         ; move 0 into R8 to start program with button unpressed
  110 00000060 F04F 0800       MOV              R8,#0
  111 00000064         ; move 30 into R10 to store duty cycle percentage, initi
                       aly 2hz 30%
  112 00000064 F44F 7A96       MOV              R10,#300
  113 00000068 F240 4B4C       MOV              R11,#1100
  114 0000006C         
  115 0000006C         loop_1



ARM Macro Assembler    Page 4 


  116 0000006C 6821            LDR              R1,[R4]
  117 0000006E F04F 0110       MOV              R1,#0x10
  118 00000072         loop_11
  119 00000072 6021            STR              R1,[R4]
  120 00000074 F081 0110       EOR              R1,R1,#0x10 ;
  121 00000078         ; STR R1,[R4]
  122 00000078 E7FB            B                loop_11
  123 0000007A         
  124 0000007A         
  125 0000007A         
  126 0000007A 00 00           ALIGN                        ; make sure the end
                                                             of this section is
                                                             aligned
  127 0000007C                 END                          ; end of file
              400FE608 
              40025520 
              4C4F434B 
              40025524 
              40025400 
              4002551C 
              40025510 
              40024400 
              4002451C 
              400243FC 
              400253FC 
Command Line: --debug --xref --diag_suppress=9931 --cpu=Cortex-M4 --apcs=interw
ork --depend=.\main.d -o.\main.o -I.\RTE\_Lab3 -IC:\Users\sharo\AppData\Local\A
rm\Packs\ARM\CMSIS\5.7.0\CMSIS\Core\Include -IC:\Users\sharo\AppData\Local\Arm\
Packs\Keil\TM4C_DFP\1.1.0\Device\Include\TM4C123 --predefine="__EVAL SETA 1" --
predefine="__UVISION_VERSION SETA 533" --predefine="_RTE_ SETA 1" --predefine="
TM4C123GH6PM SETA 1" --predefine="_RTE_ SETA 1" --list=.\main.lst main.s



ARM Macro Assembler    Page 1 Alphabetic symbol ordering
Relocatable symbols

DATA 00000000

Symbol: DATA
   Definitions
      At line 47 in file main.s
   Uses
      None
Comment: DATA unused
1 symbol



ARM Macro Assembler    Page 1 Alphabetic symbol ordering
Relocatable symbols

.text 00000000

Symbol: .text
   Definitions
      At line 51 in file main.s
   Uses
      None
Comment: .text unused
Start 00000000

Symbol: Start
   Definitions
      At line 56 in file main.s
   Uses
      At line 54 in file main.s
Comment: Start used once
loop_1 0000006C

Symbol: loop_1
   Definitions
      At line 115 in file main.s
   Uses
      None
Comment: loop_1 unused
loop_11 00000072

Symbol: loop_11
   Definitions
      At line 118 in file main.s
   Uses
      At line 122 in file main.s
Comment: loop_11 used once
4 symbols



ARM Macro Assembler    Page 1 Alphabetic symbol ordering
Absolute symbols

GPIO_LOCK_KEY 4C4F434B

Symbol: GPIO_LOCK_KEY
   Definitions
      At line 42 in file main.s
   Uses
      At line 69 in file main.s
Comment: GPIO_LOCK_KEY used once
GPIO_PORTE_AFSEL_R 40024420

Symbol: GPIO_PORTE_AFSEL_R
   Definitions
      At line 32 in file main.s
   Uses
      None
Comment: GPIO_PORTE_AFSEL_R unused
GPIO_PORTE_DATA_R 400243FC

Symbol: GPIO_PORTE_DATA_R
   Definitions
      At line 30 in file main.s
   Uses
      At line 104 in file main.s
      At line 106 in file main.s

GPIO_PORTE_DEN_R 4002451C

Symbol: GPIO_PORTE_DEN_R
   Definitions
      At line 33 in file main.s
   Uses
      At line 97 in file main.s
Comment: GPIO_PORTE_DEN_R used once
GPIO_PORTE_DIR_R 40024400

Symbol: GPIO_PORTE_DIR_R
   Definitions
      At line 31 in file main.s
   Uses
      At line 91 in file main.s
Comment: GPIO_PORTE_DIR_R used once
GPIO_PORTF_AFSEL_R 40025420

Symbol: GPIO_PORTF_AFSEL_R
   Definitions
      At line 37 in file main.s
   Uses
      None
Comment: GPIO_PORTF_AFSEL_R unused
GPIO_PORTF_CR_R 40025524

Symbol: GPIO_PORTF_CR_R
   Definitions
      At line 41 in file main.s
   Uses
      At line 71 in file main.s
Comment: GPIO_PORTF_CR_R used once
GPIO_PORTF_DATA_R 400253FC




ARM Macro Assembler    Page 2 Alphabetic symbol ordering
Absolute symbols

Symbol: GPIO_PORTF_DATA_R
   Definitions
      At line 35 in file main.s
   Uses
      At line 108 in file main.s
Comment: GPIO_PORTF_DATA_R used once
GPIO_PORTF_DEN_R 4002551C

Symbol: GPIO_PORTF_DEN_R
   Definitions
      At line 39 in file main.s
   Uses
      At line 81 in file main.s
Comment: GPIO_PORTF_DEN_R used once
GPIO_PORTF_DIR_R 40025400

Symbol: GPIO_PORTF_DIR_R
   Definitions
      At line 36 in file main.s
   Uses
      At line 76 in file main.s
Comment: GPIO_PORTF_DIR_R used once
GPIO_PORTF_LOCK_R 40025520

Symbol: GPIO_PORTF_LOCK_R
   Definitions
      At line 40 in file main.s
   Uses
      At line 68 in file main.s
Comment: GPIO_PORTF_LOCK_R used once
GPIO_PORTF_PUR_R 40025510

Symbol: GPIO_PORTF_PUR_R
   Definitions
      At line 38 in file main.s
   Uses
      At line 86 in file main.s
Comment: GPIO_PORTF_PUR_R used once
SYSCTL_RCGCGPIO_R 400FE608

Symbol: SYSCTL_RCGCGPIO_R
   Definitions
      At line 43 in file main.s
   Uses
      At line 61 in file main.s
Comment: SYSCTL_RCGCGPIO_R used once
13 symbols



ARM Macro Assembler    Page 1 Alphabetic symbol ordering
External symbols

TExaS_Init 00000000

Symbol: TExaS_Init
   Definitions
      At line 45 in file main.s
   Uses
      At line 58 in file main.s
Comment: TExaS_Init used once
1 symbol
355 symbols in table
